INFO:     Started server process [16184]
INFO:     Waiting for application startup.
2026-05-15 18:34:21,454 INFO sqlalchemy.engine.Engine BEGIN (implicit)
2026-05-15 18:34:21,454 INFO sqlalchemy.engine.Engine :: BEGIN (implicit)
2026-05-15 18:34:21,454 INFO sqlalchemy.engine.Engine PRAGMA main.table_info("blogs")
2026-05-15 18:34:21,454 INFO sqlalchemy.engine.Engine :: PRAGMA main.table_info("blogs")
2026-05-15 18:34:21,454 INFO sqlalchemy.engine.Engine [raw sql] ()
2026-05-15 18:34:21,454 INFO sqlalchemy.engine.Engine :: [raw sql] ()
2026-05-15 18:34:21,455 INFO sqlalchemy.engine.Engine PRAGMA main.table_info("contacts")
2026-05-15 18:34:21,455 INFO sqlalchemy.engine.Engine :: PRAGMA main.table_info("contacts")
2026-05-15 18:34:21,455 INFO sqlalchemy.engine.Engine [raw sql] ()
2026-05-15 18:34:21,455 INFO sqlalchemy.engine.Engine :: [raw sql] ()
2026-05-15 18:34:21,455 INFO sqlalchemy.engine.Engine PRAGMA main.table_info("projects")
2026-05-15 18:34:21,455 INFO sqlalchemy.engine.Engine :: PRAGMA main.table_info("projects")
2026-05-15 18:34:21,455 INFO sqlalchemy.engine.Engine [raw sql] ()
2026-05-15 18:34:21,455 INFO sqlalchemy.engine.Engine :: [raw sql] ()
2026-05-15 18:34:21,455 INFO sqlalchemy.engine.Engine PRAGMA main.table_info("services")
2026-05-15 18:34:21,455 INFO sqlalchemy.engine.Engine :: PRAGMA main.table_info("services")
2026-05-15 18:34:21,455 INFO sqlalchemy.engine.Engine [raw sql] ()
2026-05-15 18:34:21,455 INFO sqlalchemy.engine.Engine :: [raw sql] ()
2026-05-15 18:34:21,456 INFO sqlalchemy.engine.Engine PRAGMA main.table_info("users")
2026-05-15 18:34:21,456 INFO sqlalchemy.engine.Engine :: PRAGMA main.table_info("users")
2026-05-15 18:34:21,456 INFO sqlalchemy.engine.Engine [raw sql] ()
2026-05-15 18:34:21,456 INFO sqlalchemy.engine.Engine :: [raw sql] ()
2026-05-15 18:34:21,456 INFO sqlalchemy.engine.Engine COMMIT
2026-05-15 18:34:21,456 INFO sqlalchemy.engine.Engine :: COMMIT
2026-05-15 18:34:21,456 INFO zazatech :: Database initialized — application startup complete
INFO:     Application startup complete.
ERROR:    [Errno 10048] error while attempting to bind on address ('127.0.0.1', 8000): [winerror 10048] обычно разрешается только одно использование адреса сокета (протокол/сетевой адрес/порт)
INFO:     Waiting for application shutdown.
2026-05-15 18:34:21,457 INFO zazatech :: Application shutting down
INFO:     Application shutdown complete.
